1670070229882:help
1670070238967:find-all
1670071281241:stacktrace
1670071404124:find-all
1670071412049:find-by-id
1670071503275:find-all
1670072257143:stacktrace
1670072334265:help
1670072351893:exit
1670099306724:find-all
1670101130704:stacktrace
1670101226150:find-all
1670148225432:change-language
1670148236604:find-all
1670148247310:insert-person
1670148252918:help
1670148266409:insert-new-person
1670148288589:find-all
1670148299326:find-by-id
1670148459934:find-all
1670183501597:exit
1670185242304:find-by-id
1670185257795:exit
1670185464679:find-all
1670186708977:find-by-id
1670186723677:insert-new-person
1670187006942:find-all
1670187018742:find-by-name
1670187036882:insert-new-person
1670187106454:find-all
1670187115347:update-person
1670187148591:find-by-id
1670187193964:delete-person
1670187203926:stacktrase
1670187212526:stacktrace
1670187223750:update-person
1670187235582:stacktrace
1670187369231:find-all
1670187380907:find-by-id
1670188327237:find-all
1670188335882:find-by-id
1670188751207:find-by-name
1670188803495:find-by-id
1670188829318:insert-new-person
1670259829740:find-all
1670259858466:add-new-person
1670259865576:help
1670259878747:insert-new-person
1670328318435:find-all
1670328418448:exit
1670354442954:help
1670354460263:find-all-person
1670354468697:exit
1670357263099:рудз
1670357265845:help
1670357276061:find-all-pet
1670357569817:find-all-person
1670357645498:find-person-by-name
1670357691141:show-all-pets-of-person
1670358494776:find-all-pets-of-person
1670358498297:help
1670358521152:show-all-pets-of-person
1670358872482:find-all-pet
1670358899037:show-all-pets-of-person
1670358925461:exit
1670366126588:find-all-person
1670366135135:find-all-pet
1670366164904:help
1670366181195:reset-pet-owner
1670366253395:delete-pet
1670366293042:delet-pet
1670366293051:delete-pet
1670366332891:update-pet
1670366572444:reset-pet-owner
1670366620258:stacktrace
1670367403475:reset-pet-owner
1670367630960:find-all-pet
1670367658377:find-pet-by-id
1670367685001:exit
1670367892793:find-pet-by-id
1670367914601:find-all-person
1670367974821:find-all-pet
1670368002749:reset-pet-owner
1670537802126:find-person-by-id
1670537817307:update-person
1670537835984:exit
1670541690126:reset-owner
1670541748540:reset-pet-owner
1670542397415:find-all-person
1670542412836:find-all-pet
1670542456671:reset-owner-pet
1670542464251:reset-pet-owner
1670542478815:find-all
1670542485320:find-all-person
1670542496176:find-all-pet
